5 3 29 34 16 12 46 35 10 21 26 39 48 19 49 18 42 4 15 22 33 40 31 25 7 14 23 17 27 9 47 44 13 32 38 43 11 37 8 30 36 41 6 2 50 28 45 20 1 24
42 8 46 35 26 50 18 6 19 43 22 4 17 44 25 23 12 7 28 37 9 48 41 27 49 1 31 47 30 2 33 29 3 13 40 24 34 10 20 38 14 15 45 39 5 32 16 11 21 36
30 8 39 9 35 4 32 17 37 34 7 15 6 22 33 44 31 47 2 14 5 42 48 21 16 11 46 26 19 28 24 49 3 25 13 12 45 27 43 50 29 38 10 40 20 18 23 41 36 1
32 36 21 19 44 17 29 14 50 48 28 9 22 4 47 38 12 15 6 31 45 18 39 1 5 20 25 7 30 23 27 40 13 33 8 16 3 26 49 2 35 24 43 42 46 10 37 11 34 41
28 22 13 18 50 14 47 39 2 21 33 35 3 37 1 44 41 25 42 5 15 48 32 6 31 11 27 20 30 45 8 49 23 9 38 12 46 29 40 24 7 17 19 34 36 43 16 26 10 4
16 7 12 43 1 14 11 2 27 17 42 5 36 50 18 38 6 29 49 35 4 39 45 37 9 32 40 41 44 22 31 24 19 28 21 25 33 30 13 47 15 26 10 8 34 46 48 23 20 3
9 38 4 15 37 50 16 19 33 41 39 36 42 8 46 40 13 12 23 24 18 1 35 27 26 2 44 29 32 5 21 28 11 20 14 7 22 3 47 34 43 30 48 45 25 49 31 10 17 6
13 28 16 36 2 38 17 5 20 4 31 27 6 14 18 48 29 26 11 8 33 21 3 47 46 43 34 23 35 39 40 49 22 44 41 12 7 45 1 37 30 42 19 24 10 25 32 15 50 9
14 7 23 19 18 6 27 2 29 35 20 12 43 32 47 38 8 4 37 9 48 10 46 21 42 33 22 49 50 45 31 36 34 24 16 3 44 13 26 15 40 41 39 28 11 30 25 1 5 17
21 45 15 3 30 5 27 41 40 10 25 36 33 2 39 46 4 1 37 48 29 17 35 43 24 7 22 18 16 20 49 13 12 11 6 31 19 50 28 26 47 32 14 42 23 8 44 9 38 34
30 13 18 19 42 23 20 46 6 27 29 9 17 28 24 35 3 39 33 14 21 2 16 26 5 12 50 43 34 37 11 41 47 31 44 25 7 15 40 1 32 4 48 38 22 49 36 45 10 8
29 40 34 46 5 19 26 25 7 16 31 39 33 18 23 15 2 8 50 47 4 10 6 1 11 30 49 13 41 36 20 42 17 44 37 32 14 45 21 28 22 9 24 43 27 3 35 38 48 12
27 9 25 48 32 43 30 39 33 21 3 19 47 50 12 8 36 16 42 1 14 29 10 31 22 46 44 38 34 26 41 4 6 13 20 2 40 5 24 11 35 28 18 15 37 17 45 7 23 49
15 2 11 45 36 25 13 31 28 20 3 8 24 19 17 50 30 14 35 9 47 33 46 7 21 23 1 10 40 48 38 16 5 18 12 37 32 26 4 27 49 29 42 41 43 44 39 6 34 22
27 30 41 42 32 35 8 45 37 17 40 19 1 16 44 31 48 13 2 24 33 39 4 11 28 43 14 22 18 25 47 21 20 7 49 29 26 9 3 10 46 36 5 50 34 15 12 38 6 23
26 37 23 20 4 33 35 8 12 6 46 41 15 44 48 50 36 19 40 31 39 7 27 28 3 29 32 45 2 49 13 5 18 42 30 43 11 22 24 1 34 14 10 25 21 9 38 16 47 17
48 7 37 18 33 24 43 34 50 30 25 15 26 44 6 21 45 22 13 41 12 46 2 38 47 3 9 8 11 36 4 32 23 49 1 42 39 28 14 40 19 35 5 16 10 17 29 27 31 20
48 38 4 7 47 30 39 42 3 40 23 1 28 32 37 6 50 29 35 27 8 33 10 9 25 43 21 14 19 44 49 12 26 18 16 15 46 2 36 11 5 13 45 24 34 20 31 41 22 17
18 36 23 4 22 40 2 32 16 39 20 1 31 27 47 45 12 28 24 10 50 3 48 42 35 43 8 41 21 37 9 38 44 46 30 17 26 29 5 14 7 33 13 34 11 6 25 19 15 49
15 23 34 50 29 26 22 39 12 24 35 32 47 46 40 37 11 17 49 9 21 31 1 14 27 3 6 45 28 25 42 10 16 13 8 2 38 19 48 44 20 41 30 33 7 18 43 36 5 4
34 26 33 19 25 5 9 2 21 39 4 48 10 8 37 32 16 46 18 1 14 3 23 28 35 41 43 17 12 27 36 44 7 20 42 47 13 50 49 45 15 22 11 38 31 6 29 40 30 24
11 19 4 40 41 50 24 20 27 10 2 47 49 43 16 26 8 25 7 12 42 39 5 13 32 45 31 3 21 17 30 22 38 37 33 29 36 1 28 35 14 15 6 46 34 48 9 23 18 44
38 34 44 7 41 50 33 31 37 13 14 8 49 16 29 10 27 25 45 32 35 48 39 24 9 4 17 2 42 5 46 22 23 15 30 28 11 3 18 21 47 26 1 36 19 6 12 40 20 43
50 19 20 13 42 41 35 15 4 18 7 38 33 29 5 31 36 49 8 6 40 47 2 44 46 14 21 24 9 37 10 1 39 26 23 3 16 34 32 45 43 30 11 22 28 27 48 12 17 25
9 48 5 40 18 35 46 30 19 47 20 38 21 22 41 42 8 2 39 3 6 10 31 17 27 13 49 37 4 25 43 44 33 12 24 7 1 26 16 32 34 36 11 15 29 45 28 50 14 23
47 23 50 5 31 14 36 2 16 39 24 44 13 49 17 26 25 3 6 46 4 7 12 28 30 1 20 27 9 29 33 40 43 19 21 32 38 41 10 18 45 11 8 34 37 35 15 42 48 22
16 21 29 24 22 23 25 19 35 14 40 28 46 47 12 1 43 38 8 2 26 7 49 27 9 39 13 50 6 4 42 36 37 17 33 5 20 32 10 15 3 34 11 18 48 30 44 45 31 41
13 21 27 15 48 36 9 40 35 42 18 29 45 49 8 37 16 31 4 39 19 44 30 12 2 28 6 33 20 1 5 14 17 50 32 47 22 46 24 10 11 25 34 3 38 41 7 26 23 43
20 41 24 22 7 2 19 9 29 27 43 46 40 14 49 23 25 33 37 12 38 36 21 44 30 31 50 4 35 13 11 3 16 18 5 10 45 48 8 15 39 28 42 34 1 26 47 32 6 17
1 42 48 10 44 4 29 18 22 32 40 9 15 45 19 35 24 16 17 39 33 36 7 8 27 14 6 30 21 50 26 34 47 23 25 13 2 43 41 28 31 37 38 46 3 5 20 12 11 49
3 17 32 36 8 44 1 30 22 43 14 21 39 40 38 23 34 15 19 37 46 20 24 2 47 33 45 13 50 28 10 49 48 7 35 16 5 4 11 31 42 9 41 29 18 26 25 12 6 27
44 19 3 27 22 49 14 15 36 4 23 43 10 37 28 31 34 12 1 2 13 17 42 30 5 33 26 38 29 8 48 40 6 20 45 11 21 9 18 50 7 25 41 35 46 47 16 32 24 39
35 42 32 5 37 36 50 27 14 44 39 18 45 1 9 34 21 16 4 29 11 43 46 13 49 28 7 31 30 10 48 8 20 33 22 40 25 23 6 41 38 47 12 15 24 26 3 2 19 17
23 28 4 13 15 32 14 31 33 37 45 29 3 8 44 17 20 9 10 27 35 19 18 16 38 24 25 26 34 43 47 42 46 40 39 2 21 30 41 11 1 49 22 5 48 50 12 36 6 7
19 12 13 9 1 33 3 50 49 5 45 26 15 29 34 35 20 46 36 16 21 31 24 7 47 2 32 14 30 8 38 39 48 28 4 6 18 22 17 43 27 40 41 44 42 10 11 23 37 25
2 22 33 44 39 47 43 10 49 35 31 8 20 32 19 11 27 34 24 37 7 6 46 5 9 30 25 21 48 1 45 40 41 18 4 36 23 14 42 15 3 28 13 12 17 16 26 50 29 38
18 3 13 12 6 49 1 42 36 5 7 14 25 37 31 33 10 16 26 40 41 20 17 4 35 47 22 29 45 2 19 9 30 24 39 44 21 27 23 11 48 32 28 50 15 38 34 46 43 8
23 29 25 39 38 9 26 8 31 15 19 21 20 12 2 6 50 10 24 27 18 45 41 49 35 4 34 47 1 40 28 32 3 5 37 42 22 43 7 30 48 16 13 44 46 33 14 36 17 11
44 28 20 7 4 19 23 40 25 39 26 38 48 35 22 45 29 36 30 34 17 12 21 18 43 15 33 6 2 50 42 10 13 11 46 8 37 16 27 1 47 31 5 9 14 41 3 32 24 49
11 31 49 36 9 32 34 8 38 12 44 41 10 24 7 43 39 18 27 5 28 6 33 45 29 46 30 1 15 42 37 26 14 20 48 23 17 50 4 2 35 21 22 40 13 16 3 47 19 25
35 28 44 5 46 30 18 47 19 36 38 40 42 43 49 13 15 2 7 3 25 16 37 26 31 32 4 27 20 50 34 48 17 9 1 33 21 24 29 11 41 10 8 12 23 6 39 22 14 45
31 32 6 48 12 19 11 42 46 21 50 15 34 44 10 36 24 45 39 16 28 40 14 2 9 47 23 26 7 27 20 37 8 30 33 41 35 49 29 1 22 38 25 17 18 13 3 43 4 5
33 7 8 24 3 9 50 43 11 20 23 29 30 45 2 25 26 10 6 36 14 48 37 42 28 47 27 4 40 22 38 17 31 13 44 35 46 5 15 49 1 34 18 19 12 41 21 32 39 16
49 38 37 21 6 16 23 22 7 34 24 30 36 44 40 41 46 2 8 3 27 15 47 33 26 10 17 43 20 14 28 32 11 35 48 12 5 25 45 19 31 42 18 13 4 1 9 39 50 29
23 17 10 14 19 22 2 30 7 45 37 16 48 15 9 43 29 4 40 47 33 8 18 31 44 1 42 25 27 50 26 46 34 12 38 3 5 39 21 13 11 41 20 28 24 32 35 49 6 36
29 50 13 45 20 10 12 42 15 1 22 21 47 36 25 46 7 17 41 34 38 31 8 35 27 9 3 19 37 44 23 40 28 43 39 6 4 49 33 48 11 26 18 24 14 5 30 16 2 32
21 5 26 35 33 4 17 44 9 10 25 19 50 14 31 28 34 6 48 22 1 42 29 41 24 7 40 23 49 43 20 2 45 32 8 47 18 27 16 39 3 13 12 38 30 36 37 46 15 11
2 5 12 46 3 25 44 41 8 29 14 42 37 33 30 24 22 1 9 13 45 26 28 23 47 17 49 18 34 36 6 11 43 40 48 31 19 27 15 16 39 20 50 7 21 35 4 38 10 32
3 6 10 5 20 31 42 45 9 48 8 44 36 19 47 23 17 21 15 13 1 2 46 43 7 49 35 40 28 22 37 50 12 32 24 38 4 11 33 16 14 34 41 39 27 29 26 25 18 30
7 37 42 43 39 31 29 26 36 4 28 19 22 46 48 21 18 34 35 50 6 16 17 5 32 27 38 33 2 44 11 40 49 3 30 14 12 10 13 25 41 1 45 47 23 24 9 15 8 20
